<?xml version="1.0" encoding="UTF-8"?>
<!-- Generated by org.testng.reporters.JUnitXMLReporter -->
<testsuite ignored="1" hostname="LAPTOP-JMNM4646" failures="0" tests="5" name="Test" time="0.062" errors="0" timestamp="2024-09-15T16:47:05 IST">
  <testcase classname="prachi_gupta.Loan_departement" name="auto_API" time="0.015"/>
  <testcase classname="prachi_gupta.Loan_departement" name="auto_mobile" time="0.0"/>
  <testcase classname="prachi_gupta.Loan_departement" name="auto_web" time="0.0"/>
  <testcase classname="prachi_gupta.Loan_departement" name="personal_API" time="0.0"/>
  <testcase classname="prachi_gupta.Loan_departement" name="personal_web" time="0.0"/>
  <testcase classname="prachi_gupta.Loan_departement" name="personal_mobile" time="0.0">
    <ignored/>
  </testcase> <!-- personal_mobile -->
</testsuite> <!-- Test -->
