<?xml version="1.0" encoding="UTF-8"?>
<testng-results ignored="0" total="1" passed="1" failed="0" skipped="0">
  <reporter-output>
  </reporter-output>
  <suite started-at="2024-09-15T16:19:43 IST" name="Suite" finished-at="2024-09-15T16:19:47 IST" duration-ms="3810">
    <groups>
    </groups>
    <test started-at="2024-09-15T16:19:43 IST" name="Test" finished-at="2024-09-15T16:19:47 IST" duration-ms="3810">
      <class name="prachi_gupta.TestNG_demo">
        <test-method signature="verify()[pri:0, instance:prachi_gupta.TestNG_demo@7adda9cc]" started-at="2024-09-15T16:19:43 IST" name="verify" finished-at="2024-09-15T16:19:47 IST" duration-ms="3761" status="PASS">
          <reporter-output>
          </reporter-output>
        </test-method> <!-- verify -->
      </class> <!-- prachi_gupta.TestNG_demo -->
    </test> <!-- Test -->
  </suite> <!-- Suite -->
</testng-results>
