<?xml version="1.0" encoding="UTF-8"?>
<testng-results ignored="1" total="6" passed="5" failed="0" skipped="0">
  <reporter-output>
  </reporter-output>
  <suite started-at="2024-09-15T15:25:18 IST" name="Suite" finished-at="2024-09-15T15:25:18 IST" duration-ms="74">
    <groups>
    </groups>
    <test started-at="2024-09-15T15:25:18 IST" name="Test" finished-at="2024-09-15T15:25:18 IST" duration-ms="74">
      <class name="prachi_gupta.Loan_departement">
        <test-method signature="auto_API()[pri:0, instance:prachi_gupta.Loan_departement@7c0c77c7]" started-at="2024-09-15T15:25:18 IST" name="auto_API" finished-at="2024-09-15T15:25:18 IST" duration-ms="15" status="PASS">
          <reporter-output>
          </reporter-output>
        </test-method> <!-- auto_API -->
        <test-method signature="auto_mobile()[pri:0, instance:prachi_gupta.Loan_departement@7c0c77c7]" started-at="2024-09-15T15:25:18 IST" name="auto_mobile" finished-at="2024-09-15T15:25:18 IST" duration-ms="0" status="PASS">
          <reporter-output>
          </reporter-output>
        </test-method> <!-- auto_mobile -->
        <test-method signature="personal_API()[pri:0, instance:prachi_gupta.Loan_departement@7c0c77c7]" started-at="2024-09-15T15:25:18 IST" name="personal_API" finished-at="2024-09-15T15:25:18 IST" duration-ms="0" status="PASS">
          <reporter-output>
          </reporter-output>
        </test-method> <!-- personal_API -->
        <test-method signature="personal_web()[pri:0, instance:prachi_gupta.Loan_departement@7c0c77c7]" started-at="2024-09-15T15:25:18 IST" name="personal_web" finished-at="2024-09-15T15:25:18 IST" duration-ms="16" status="PASS">
          <reporter-output>
          </reporter-output>
        </test-method> <!-- personal_web -->
        <test-method signature="auto_web()[pri:0, instance:prachi_gupta.Loan_departement@7c0c77c7]" started-at="2024-09-15T15:25:18 IST" name="auto_web" finished-at="2024-09-15T15:25:18 IST" duration-ms="0" status="PASS">
          <reporter-output>
          </reporter-output>
        </test-method> <!-- auto_web -->
      </class> <!-- prachi_gupta.Loan_departement -->
    </test> <!-- Test -->
  </suite> <!-- Suite -->
</testng-results>
