<?xml version="1.0" encoding="UTF-8"?>
<testng-results ignored="0" total="2" passed="2" failed="0" skipped="0">
  <reporter-output>
  </reporter-output>
  <suite started-at="2024-09-15T14:38:20 IST" name="Suite" finished-at="2024-09-15T14:38:27 IST" duration-ms="7831">
    <groups>
    </groups>
    <test started-at="2024-09-15T14:38:20 IST" name="Test" finished-at="2024-09-15T14:38:25 IST" duration-ms="5309">
      <class name="prachi_gupta.Practise">
        <test-method signature="launch(java.lang.String)[pri:0, instance:prachi_gupta.Practise@3ce1e309]" started-at="2024-09-15T14:38:20 IST" name="launch" finished-at="2024-09-15T14:38:25 IST" duration-ms="5248" status="PASS">
          <params>
            <param index="0">
              <value>
                <![CDATA[chrome]]>
              </value>
            </param>
          </params>
          <reporter-output>
          </reporter-output>
        </test-method> <!-- launch -->
      </class> <!-- prachi_gupta.Practise -->
    </test> <!-- Test -->
    <test started-at="2024-09-15T14:38:25 IST" name="Test1" finished-at="2024-09-15T14:38:27 IST" duration-ms="2497">
      <class name="prachi_gupta.Practise">
        <test-method signature="launch(java.lang.String)[pri:0, instance:prachi_gupta.Practise@72967906]" started-at="2024-09-15T14:38:25 IST" name="launch" finished-at="2024-09-15T14:38:27 IST" duration-ms="2491" status="PASS">
          <params>
            <param index="0">
              <value>
                <![CDATA[firefox]]>
              </value>
            </param>
          </params>
          <reporter-output>
          </reporter-output>
        </test-method> <!-- launch -->
      </class> <!-- prachi_gupta.Practise -->
    </test> <!-- Test1 -->
  </suite> <!-- Suite -->
</testng-results>
